2026-03-13 09:16:35,986 [INFO] ===== パイプライン開始: mm1 =====
2026-03-13 09:16:37,075 [INFO] [Telegram] メッセージを送信しました
2026-03-13 09:16:37,076 [INFO] 必要なフォルダーの確認が完了しました
2026-03-13 09:16:37,076 [INFO] コンパイル中: /Users/andriyichenko/Documents/simulation/MM/MM1.cpp
2026-03-13 09:16:38,187 [INFO] [Telegram] メッセージを送信しました
2026-03-13 09:16:40,288 [INFO] コンパイル完了
2026-03-13 09:16:41,384 [INFO] [Telegram] メッセージを送信しました
2026-03-13 09:16:41,385 [INFO] 実行中: /Users/andriyichenko/Documents/simulation/compile_file/MM1
2026-03-13 09:16:42,629 [INFO] [Telegram] メッセージを送信しました
2026-03-13 09:16:43,255 [INFO] シミュレーション完了: 0.63秒
2026-03-13 09:16:44,586 [INFO] [Telegram] メッセージを送信しました
2026-03-13 09:16:44,590 [ERROR] パイプラインでエラーが発生しました: No module named 'scipy'
2026-03-13 09:16:45,699 [INFO] [Telegram] メッセージを送信しました
2026-03-13 09:17:06,526 [INFO] ===== パイプライン開始: mm1 =====
2026-03-13 09:17:07,796 [INFO] [Telegram] メッセージを送信しました
2026-03-13 09:17:07,797 [INFO] 必要なフォルダーの確認が完了しました
2026-03-13 09:17:07,797 [INFO] コンパイル中: /Users/andriyichenko/Documents/simulation/MM/MM1.cpp
2026-03-13 09:17:09,066 [INFO] [Telegram] メッセージを送信しました
2026-03-13 09:17:09,943 [INFO] コンパイル完了
2026-03-13 09:17:11,035 [INFO] [Telegram] メッセージを送信しました
2026-03-13 09:17:11,036 [INFO] 実行中: /Users/andriyichenko/Documents/simulation/compile_file/MM1
2026-03-13 09:17:12,163 [INFO] [Telegram] メッセージを送信しました
2026-03-13 09:17:12,811 [INFO] シミュレーション完了: 0.65秒
2026-03-13 09:17:13,953 [INFO] [Telegram] メッセージを送信しました
2026-03-13 09:17:40,269 [INFO] グラフを生成中: /Users/andriyichenko/Documents/simulation/MM/../data_source/MM1_100_1000_data.csv
2026-03-13 09:17:41,303 [INFO] [Telegram] メッセージを送信しました
2026-03-13 09:17:43,488 [INFO] グラフを保存しました: /Users/andriyichenko/Documents/simulation/MM/sim_pics/MM1_result.png
2026-03-13 09:17:45,952 [INFO] [Telegram] 画像を送信しました: /Users/andriyichenko/Documents/simulation/MM/sim_pics/MM1_result.png
2026-03-13 09:17:47,358 [INFO] [Telegram] ファイルを送信しました: /Users/andriyichenko/Documents/simulation/MM/../data_source/MM1_100_1000_data.csv
2026-03-13 09:17:48,514 [INFO] [Telegram] メッセージを送信しました
2026-03-13 09:17:48,515 [INFO] ===== パイプライン完了: mm1 =====
2026-03-13 09:21:25,183 [INFO] ===== パイプライン開始: mm1 =====
2026-03-13 09:21:26,537 [INFO] [Telegram] メッセージを送信しました
2026-03-13 09:21:26,542 [INFO] 必要なフォルダーの確認が完了しました
2026-03-13 09:21:26,542 [INFO] コンパイル中: /Users/andriyichenko/Documents/simulation/MM/MM1.cpp
2026-03-13 09:21:27,812 [INFO] [Telegram] メッセージを送信しました
2026-03-13 09:21:29,274 [INFO] コンパイル完了
2026-03-13 09:21:30,615 [INFO] [Telegram] メッセージを送信しました
2026-03-13 09:21:30,616 [INFO] 実行中: /Users/andriyichenko/Documents/simulation/compile_file/MM1
2026-03-13 09:21:31,769 [INFO] [Telegram] メッセージを送信しました
2026-03-13 09:21:32,581 [INFO] シミュレーション完了: 0.81秒
2026-03-13 09:21:33,900 [INFO] [Telegram] メッセージを送信しました
2026-03-13 09:21:34,895 [INFO] グラフを生成中: /Users/andriyichenko/Documents/simulation/MM/../data_source/MM1_100_1000_data.csv
2026-03-13 09:21:35,951 [INFO] [Telegram] メッセージを送信しました
2026-03-13 09:21:36,571 [INFO] グラフを保存しました: /Users/andriyichenko/Documents/simulation/MM/sim_pics/MM1_result.png
2026-03-13 09:21:38,892 [INFO] [Telegram] 画像を送信しました: /Users/andriyichenko/Documents/simulation/MM/sim_pics/MM1_result.png
2026-03-13 09:21:40,379 [INFO] [Telegram] ファイルを送信しました: /Users/andriyichenko/Documents/simulation/MM/../data_source/MM1_100_1000_data.csv
2026-03-13 09:21:41,537 [INFO] [Telegram] メッセージを送信しました
2026-03-13 09:21:41,537 [INFO] ===== パイプライン完了: mm1 =====
